<?xml version="1.0" encoding="UTF-8"?>
<testng-results ignored="0" total="1" passed="1" failed="0" skipped="0">
  <reporter-output>
  </reporter-output>
  <suite started-at="2024-09-11T20:49:18 IST" name="openCartsuite" finished-at="2024-09-11T20:49:32 IST" duration-ms="13537">
    <groups>
      <group name="Master">
        <method signature="TC002_LoginPage.login()[pri:0, instance:testCases.TC002_LoginPage@37052337]" name="login" class="testCases.TC002_LoginPage"/>
      </group> <!-- Master -->
      <group name="Regression">
        <method signature="TC002_LoginPage.login()[pri:0, instance:testCases.TC002_LoginPage@37052337]" name="login" class="testCases.TC002_LoginPage"/>
      </group> <!-- Regression -->
    </groups>
    <test started-at="2024-09-11T20:49:18 IST" name="testChrome" finished-at="2024-09-11T20:49:32 IST" duration-ms="13537">
      <class name="testCases.TC002_LoginPage">
        <test-method is-config="true" signature="setUp(java.lang.String,java.lang.String)[pri:0, instance:testCases.TC002_LoginPage@37052337]" started-at="2024-09-11T20:49:18 IST" name="setUp" finished-at="2024-09-11T20:49:24 IST" duration-ms="5208" status="PASS">
          <params>
            <param index="0">
              <value>
                <![CDATA[chrome]]>
              </value>
            </param>
            <param index="1">
              <value>
                <![CDATA[Windows]]>
              </value>
            </param>
          </params>
          <reporter-output>
          </reporter-output>
        </test-method> <!-- setUp -->
        <test-method signature="login()[pri:0, instance:testCases.TC002_LoginPage@37052337]" started-at="2024-09-11T20:49:24 IST" name="login" finished-at="2024-09-11T20:49:31 IST" duration-ms="7536" status="PASS">
          <reporter-output>
          </reporter-output>
        </test-method> <!-- login -->
        <test-method is-config="true" signature="tearDown()[pri:0, instance:testCases.TC002_LoginPage@37052337]" started-at="2024-09-11T20:49:31 IST" name="tearDown" finished-at="2024-09-11T20:49:32 IST" duration-ms="418" status="PASS">
          <reporter-output>
          </reporter-output>
        </test-method> <!-- tearDown -->
      </class> <!-- testCases.TC002_LoginPage -->
    </test> <!-- testChrome -->
  </suite> <!-- openCartsuite -->
</testng-results>
