<?xml version="1.0" encoding="UTF-8"?>
<!-- Generated by org.testng.reporters.JUnitXMLReporter -->
<testsuite ignored="0" hostname="DESKTOP-CTLCA6J" failures="2" tests="5" name="testChrome" time="52.419" errors="0" timestamp="2024-09-25T18:37:56 IST">
  <testcase classname="testCases.TC002_LoginDDT" name="login" time="6.687"/>
  <testcase classname="testCases.TC002_LoginDDT" name="login" time="5.789">
    <failure type="java.lang.AssertionError" message="null">
      <![CDATA[java.lang.AssertionError: null
at testCases.TC002_LoginDDT.login(TC002_LoginDDT.java:55)
at java.base/java.util.ArrayList.forEach(ArrayList.java:1596)
... Removed 27 stack frames]]>
    </failure>
  </testcase> <!-- login -->
  <testcase classname="testCases.TC002_LoginDDT" name="login" time="5.568">
    <failure type="java.lang.AssertionError" message="null">
      <![CDATA[java.lang.AssertionError: null
at testCases.TC002_LoginDDT.login(TC002_LoginDDT.java:55)
at java.base/java.util.ArrayList.forEach(ArrayList.java:1596)
... Removed 27 stack frames]]>
    </failure>
  </testcase> <!-- login -->
  <testcase classname="testCases.TC002_LoginDDT" name="login" time="15.33"/>
  <testcase classname="testCases.TC002_LoginDDT" name="login" time="7.314"/>
</testsuite> <!-- testChrome -->
